<?xml version="1.0" encoding="UTF-8"?>
<testsuite xmlns:xsi="http://www.w3.org/2001/XMLSchema-instance" xsi:noNamespaceSchemaLocation="https://maven.apache.org/surefire/maven-surefire-plugin/xsd/surefire-test-report.xsd" name="vibrato.vibrato.services.UsuarioServiceTest" time="0.006" tests="3" errors="0" skipped="0" failures="0">
  <properties>
[...]
</properties>
  <testcase name="buscarUsuarioPorIdInexistente" classname="vibrato.vibrato.services.UsuarioServiceTest" time="0"/>
  <testcase name="listarUsuarioVazia" classname="vibrato.vibrato.services.UsuarioServiceTest" time="0"/>
  <testcase name="listarUsuario" classname="vibrato.vibrato.services.UsuarioServiceTest" time="0.006"/>
</testsuite>